2019-06-25 17:25:05.534 - INFO  [           main] bstractTestContextBootstrapper : Neither @ContextConfiguration nor @ContextHierarchy found for test class [com.test.testTransDetailService], using SpringBootContextLoader
2019-06-25 17:25:05.549 - INFO  [           main] .s.t.c.s.AbstractContextLoader : Could not detect default resource locations for test class [com.test.testTransDetailService]: no resource found for suffixes {-context.xml, Context.groovy}.
2019-06-25 17:25:05.675 - INFO  [           main] bstractTestContextBootstrapper : Loaded default TestExecutionListener class names from location [META-INF/spring.factories]: [org.springframework.boot.test.mock.mockito.MockitoTestExecutionListener, org.springframework.boot.test.mock.mockito.ResetMocksTestExecutionListener, org.springframework.boot.test.autoconfigure.restdocs.RestDocsTestExecutionListener, org.springframework.boot.test.autoconfigure.web.client.MockRestServiceServerResetTestExecutionListener, org.springframework.boot.test.autoconfigure.web.servlet.MockMvcPrintOnlyOnFailureTestExecutionListener, org.springframework.boot.test.autoconfigure.web.servlet.WebDriverTestExecutionListener, org.springframework.test.context.web.ServletTestExecutionListener, org.springframework.test.context.support.DirtiesContextBeforeModesTestExecutionListener, org.springframework.test.context.support.DependencyInjectionTestExecutionListener, org.springframework.test.context.support.DirtiesContextTestExecutionListener, org.springframework.test.context.transaction.TransactionalTestExecutionListener, org.springframework.test.context.jdbc.SqlScriptsTestExecutionListener]
2019-06-25 17:25:05.732 - INFO  [           main] bstractTestContextBootstrapper : Using TestExecutionListeners: [org.springframework.test.context.web.ServletTestExecutionListener@7ce69770, org.springframework.test.context.support.DirtiesContextBeforeModesTestExecutionListener@1750fbeb, org.springframework.boot.test.autoconfigure.SpringBootDependencyInjectionTestExecutionListener@5b247367, org.springframework.test.context.support.DirtiesContextTestExecutionListener@268f106e, org.springframework.test.context.transaction.TransactionalTestExecutionListener@6e9a5ed8, org.springframework.test.context.jdbc.SqlScriptsTestExecutionListener@7e057f43, org.springframework.boot.test.autoconfigure.web.client.MockRestServiceServerResetTestExecutionListener@6c284af, org.springframework.boot.test.mock.mockito.MockitoTestExecutionListener@5890e879, org.springframework.boot.test.mock.mockito.ResetMocksTestExecutionListener@6440112d, org.springframework.boot.test.autoconfigure.restdocs.RestDocsTestExecutionListener@31ea9581, org.springframework.boot.test.autoconfigure.web.servlet.MockMvcPrintOnlyOnFailureTestExecutionListener@231f98ef, org.springframework.boot.test.autoconfigure.web.servlet.WebDriverTestExecutionListener@7c137fd5]
2019-06-25 17:25:07.637 - INFO  [           main] o.s.b.StartupInfoLogger        : Starting testTransDetailService on DESKTOP-4LMVUD7 with PID 19788 (started by zhengjiaxin in D:\代码备份\zhangzheng-java-zhengjiaxin\week4\mybatisdemo)
2019-06-25 17:25:07.638 - INFO  [           main] o.s.b.SpringApplication        : The following profiles are active: test
2019-06-25 17:25:07.759 - INFO  [           main] c.s.AbstractApplicationContext : Refreshing org.springframework.web.context.support.GenericWebApplicationContext@74eb909f: startup date [Tue Jun 25 17:25:07 CST 2019]; root of context hierarchy
2019-06-25 17:25:08.210 - INFO  [kground-preinit] o.h.v.i.u.Version              : HV000001: Hibernate Validator 5.3.6.Final
2019-06-25 17:25:09.391 - WARN  [           main] o.m.s.m.ClassPathMapperScanner : Skipping MapperFactoryBean with name 'customerMapper' and 'com.boot.mapper.CustomerMapper' mapperInterface. Bean already defined with the same name!
2019-06-25 17:25:09.392 - WARN  [           main] o.m.s.m.ClassPathMapperScanner : Skipping MapperFactoryBean with name 'dailysummaryMapper' and 'com.boot.mapper.DailysummaryMapper' mapperInterface. Bean already defined with the same name!
2019-06-25 17:25:09.392 - WARN  [           main] o.m.s.m.ClassPathMapperScanner : Skipping MapperFactoryBean with name 'transdetailsMapper' and 'com.boot.mapper.TransdetailsMapper' mapperInterface. Bean already defined with the same name!
2019-06-25 17:25:09.393 - WARN  [           main] o.m.s.m.ClassPathMapperScanner : No MyBatis mapper was found in '[com.boot.mapper]' package. Please check your configuration.
2019-06-25 17:25:09.400 - WARN  [           main] o.m.s.m.ClassPathMapperScanner : Skipping MapperFactoryBean with name 'customerMapper' and 'com.boot.mapper.CustomerMapper' mapperInterface. Bean already defined with the same name!
2019-06-25 17:25:09.400 - WARN  [           main] o.m.s.m.ClassPathMapperScanner : Skipping MapperFactoryBean with name 'dailysummaryMapper' and 'com.boot.mapper.DailysummaryMapper' mapperInterface. Bean already defined with the same name!
2019-06-25 17:25:09.401 - WARN  [           main] o.m.s.m.ClassPathMapperScanner : Skipping MapperFactoryBean with name 'transdetailsMapper' and 'com.boot.mapper.TransdetailsMapper' mapperInterface. Bean already defined with the same name!
2019-06-25 17:25:09.401 - WARN  [           main] o.m.s.m.ClassPathMapperScanner : No MyBatis mapper was found in '[com.boot.mapper]' package. Please check your configuration.
2019-06-25 17:25:09.565 - INFO  [           main] f.s.DefaultListableBeanFactory : Overriding bean definition for bean 'dataSource' with a different definition: replacing [Root bean: class [null]; scope=; abstract=false; lazyInit=false; autowireMode=3; dependencyCheck=0; autowireCandidate=true; primary=false; factoryBeanName=org.springframework.boot.autoconfigure.jdbc.DataSourceConfiguration$Generic; factoryMethodName=dataSource; initMethodName=null; destroyMethodName=(inferred); defined in class path resource [org/springframework/boot/autoconfigure/jdbc/DataSourceConfiguration$Generic.class]] with [Root bean: class [null]; scope=; abstract=false; lazyInit=false; autowireMode=3; dependencyCheck=0; autowireCandidate=true; primary=false; factoryBeanName=org.springframework.boot.autoconfigure.jdbc.DataSourceConfiguration$Hikari; factoryMethodName=dataSource; initMethodName=null; destroyMethodName=(inferred); defined in class path resource [org/springframework/boot/autoconfigure/jdbc/DataSourceConfiguration$Hikari.class]]
2019-06-25 17:25:10.475 - INFO  [           main] egate$BeanPostProcessorChecker : Bean 'org.springframework.transaction.annotation.ProxyTransactionManagementConfiguration' of type [org.springframework.transaction.annotation.ProxyTransactionManagementConfiguration$$EnhancerBySpringCGLIB$$4893099c] is not eligible for getting processed by all BeanPostProcessors (for example: not eligible for auto-proxying)
2019-06-25 17:25:12.168 - INFO  [           main] rMethodMapping$MappingRegistry : Mapped "{[/customer/getnumber],methods=[GET]}" onto public com.boot.response.ResponseBean com.boot.controller.CustomerController.getNumber()
2019-06-25 17:25:12.172 - INFO  [           main] rMethodMapping$MappingRegistry : Mapped "{[/customer/post],methods=[POST]}" onto public com.boot.response.ResponseBean com.boot.controller.CustomerController.postCustomer(com.boot.model.Customer)
2019-06-25 17:25:12.174 - INFO  [           main] rMethodMapping$MappingRegistry : Mapped "{[/customer/put],methods=[PUT]}" onto public com.boot.response.ResponseBean com.boot.controller.CustomerController.updateCustomer(com.boot.model.Customer)
2019-06-25 17:25:12.175 - INFO  [           main] rMethodMapping$MappingRegistry : Mapped "{[/customer/get/{id}],methods=[GET]}" onto public com.boot.response.ResponseBean<com.boot.model.Customer> com.boot.controller.CustomerController.getCustomerById(java.lang.Integer)
2019-06-25 17:25:12.177 - INFO  [           main] rMethodMapping$MappingRegistry : Mapped "{[/customer/get],methods=[GET]}" onto public com.boot.response.ResponseBean<com.boot.model.Customer> com.boot.controller.CustomerController.getCustomer(java.lang.Integer,java.lang.Integer)
2019-06-25 17:25:12.180 - INFO  [           main] rMethodMapping$MappingRegistry : Mapped "{[/customer/delete/{id}],methods=[DELETE]}" onto public com.boot.response.ResponseBean com.boot.controller.CustomerController.deleteCustomerById(java.lang.Integer)
2019-06-25 17:25:12.187 - INFO  [           main] rMethodMapping$MappingRegistry : Mapped "{[/dailysummary/getnumber],methods=[GET]}" onto public com.boot.response.ResponseBean com.boot.controller.DailySummaryController.testGetnumber()
2019-06-25 17:25:12.188 - INFO  [           main] rMethodMapping$MappingRegistry : Mapped "{[/dailysummary/get/{id}],methods=[GET]}" onto public com.boot.response.ResponseBean<com.boot.model.Dailysummary> com.boot.controller.DailySummaryController.getAllById(java.lang.Integer)
2019-06-25 17:25:12.191 - INFO  [           main] rMethodMapping$MappingRegistry : Mapped "{[/dailysummary/get],methods=[GET]}" onto public com.boot.response.ResponseBean<com.boot.model.Dailysummary> com.boot.controller.DailySummaryController.getAllDailysummary(java.lang.Integer,java.lang.Integer)
2019-06-25 17:25:12.199 - INFO  [           main] rMethodMapping$MappingRegistry : Mapped "{[/trandeteil/getnumber],methods=[GET]}" onto public com.boot.response.ResponseBean com.boot.controller.TransDetailController.getNumber()
2019-06-25 17:25:12.200 - INFO  [           main] rMethodMapping$MappingRegistry : Mapped "{[/trandeteil/get/{id}],methods=[GET]}" onto public com.boot.response.ResponseBean<com.boot.model.TransDetail> com.boot.controller.TransDetailController.getTransDetailById(java.lang.Integer)
2019-06-25 17:25:12.203 - INFO  [           main] rMethodMapping$MappingRegistry : Mapped "{[/trandeteil/get],methods=[GET]}" onto public com.boot.response.ResponseBean<com.boot.model.TransDetail> com.boot.controller.TransDetailController.getTransDetail(java.lang.Integer,java.lang.Integer)
2019-06-25 17:25:12.205 - INFO  [           main] rMethodMapping$MappingRegistry : Mapped "{[/trandeteil/post],methods=[POST]}" onto public com.boot.response.ResponseBean com.boot.controller.TransDetailController.postTransDetail(com.boot.model.TransDetail)
2019-06-25 17:25:12.240 - INFO  [           main] rMethodMapping$MappingRegistry : Mapped "{[/trandeteil/put],methods=[PUT]}" onto public com.boot.response.ResponseBean com.boot.controller.TransDetailController.updateTransDetail(com.boot.model.TransDetail)
2019-06-25 17:25:12.243 - INFO  [           main] rMethodMapping$MappingRegistry : Mapped "{[/trandeteil/delete/{id}],methods=[DELETE]}" onto public com.boot.response.ResponseBean com.boot.controller.TransDetailController.deleteTransDetailById(java.lang.Integer)
2019-06-25 17:25:12.246 - INFO  [           main] rMethodMapping$MappingRegistry : Mapped "{[/v2/api-docs],methods=[GET],produces=[application/json || application/hal+json]}" onto public org.springframework.http.ResponseEntity<springfox.documentation.spring.web.json.Json> springfox.documentation.swagger2.web.Swagger2Controller.getDocumentation(java.lang.String,javax.servlet.http.HttpServletRequest)
2019-06-25 17:25:12.251 - INFO  [           main] rMethodMapping$MappingRegistry : Mapped "{[/swagger-resources/configuration/ui]}" onto org.springframework.http.ResponseEntity<springfox.documentation.swagger.web.UiConfiguration> springfox.documentation.swagger.web.ApiResourceController.uiConfiguration()
2019-06-25 17:25:12.253 - INFO  [           main] rMethodMapping$MappingRegistry : Mapped "{[/swagger-resources]}" onto org.springframework.http.ResponseEntity<java.util.List<springfox.documentation.swagger.web.SwaggerResource>> springfox.documentation.swagger.web.ApiResourceController.swaggerResources()
2019-06-25 17:25:12.254 - INFO  [           main] rMethodMapping$MappingRegistry : Mapped "{[/swagger-resources/configuration/security]}" onto org.springframework.http.ResponseEntity<springfox.documentation.swagger.web.SecurityConfiguration> springfox.documentation.swagger.web.ApiResourceController.securityConfiguration()
2019-06-25 17:25:12.259 - INFO  [           main] rMethodMapping$MappingRegistry : Mapped "{[/error]}" onto public org.springframework.http.ResponseEntity<java.util.Map<java.lang.String, java.lang.Object>> org.springframework.boot.autoconfigure.web.BasicErrorController.error(javax.servlet.http.HttpServletRequest)
2019-06-25 17:25:12.260 - INFO  [           main] rMethodMapping$MappingRegistry : Mapped "{[/error],produces=[text/html]}" onto public org.springframework.web.servlet.ModelAndView org.springframework.boot.autoconfigure.web.BasicErrorController.errorHtml(javax.servlet.http.HttpServletRequest,javax.servlet.http.HttpServletResponse)
2019-06-25 17:25:12.596 - INFO  [           main] c.b.c.PageHelperConfiguration  : ------Register MyBatis PageHelper
2019-06-25 17:25:13.663 - INFO  [           main] a.RequestMappingHandlerAdapter : Looking for @ControllerAdvice: org.springframework.web.context.support.GenericWebApplicationContext@74eb909f: startup date [Tue Jun 25 17:25:07 CST 2019]; root of context hierarchy
2019-06-25 17:25:13.806 - INFO  [           main] .s.h.AbstractUrlHandlerMapping : Mapped URL path [/webjars/**] onto handler of type [class org.springframework.web.servlet.resource.ResourceHttpRequestHandler]
2019-06-25 17:25:13.807 - INFO  [           main] .s.h.AbstractUrlHandlerMapping : Mapped URL path [/**] onto handler of type [class org.springframework.web.servlet.resource.ResourceHttpRequestHandler]
2019-06-25 17:25:13.832 - INFO  [           main] eptionHandlerExceptionResolver : Detected @ExceptionHandler methods in springExceptionHandle
2019-06-25 17:25:13.865 - INFO  [           main] .s.h.AbstractUrlHandlerMapping : Mapped URL path [/**/favicon.ico] onto handler of type [class org.springframework.web.servlet.resource.ResourceHttpRequestHandler]
2019-06-25 17:25:14.335 - INFO  [           main] ecycleProcessor$LifecycleGroup : Starting beans in phase 2147483647
2019-06-25 17:25:14.336 - INFO  [           main] cumentationPluginsBootstrapper : Context refreshed
2019-06-25 17:25:14.371 - INFO  [           main] cumentationPluginsBootstrapper : Found 1 custom documentation plugin(s)
2019-06-25 17:25:14.391 - INFO  [           main] w.s.ApiListingReferenceScanner : Scanning for api listing references
2019-06-25 17:25:14.726 - INFO  [           main] .CachingOperationNameGenerator : Generating unique operation named: getNumberUsingGET_1
2019-06-25 17:25:14.812 - INFO  [           main] o.s.b.StartupInfoLogger        : Started testTransDetailService in 8.52 seconds (JVM running for 11.108)
2019-06-25 17:25:14.941 - INFO  [           main] c.z.h.HikariDataSource         : DataPoolHikari - is starting.
2019-06-25 17:25:15.382 - INFO  [       Thread-2] c.s.AbstractApplicationContext : Closing org.springframework.web.context.support.GenericWebApplicationContext@74eb909f: startup date [Tue Jun 25 17:25:07 CST 2019]; root of context hierarchy
