2019-06-24 14:49:05.538 - INFO  [           main] o.s.b.StartupInfoLogger        : Starting Application on DESKTOP-4LMVUD7 with PID 20516 (started by zhengjiaxin in D:\代码备份\zhangzheng-java-zhengjiaxin)
2019-06-24 14:49:05.657 - INFO  [           main] o.s.b.SpringApplication        : No active profile set, falling back to default profiles: default
2019-06-24 14:49:05.784 - INFO  [           main] c.s.AbstractApplicationContext : Refreshing org.springframework.boot.context.embedded.AnnotationConfigEmbeddedWebApplicationContext@312aa7c: startup date [Mon Jun 24 14:49:05 CST 2019]; root of context hierarchy
2019-06-24 14:49:05.883 - INFO  [kground-preinit] o.h.v.i.u.Version              : HV000001: Hibernate Validator 5.3.6.Final
2019-06-24 14:49:06.873 - WARN  [           main] o.m.s.m.ClassPathMapperScanner : Skipping MapperFactoryBean with name 'customerMapper' and 'com.boot.mapper.CustomerMapper' mapperInterface. Bean already defined with the same name!
2019-06-24 14:49:06.873 - WARN  [           main] o.m.s.m.ClassPathMapperScanner : Skipping MapperFactoryBean with name 'dailysummaryMapper' and 'com.boot.mapper.DailysummaryMapper' mapperInterface. Bean already defined with the same name!
2019-06-24 14:49:06.873 - WARN  [           main] o.m.s.m.ClassPathMapperScanner : Skipping MapperFactoryBean with name 'transdetailsMapper' and 'com.boot.mapper.TransdetailsMapper' mapperInterface. Bean already defined with the same name!
2019-06-24 14:49:06.873 - WARN  [           main] o.m.s.m.ClassPathMapperScanner : No MyBatis mapper was found in '[com.boot.mapper]' package. Please check your configuration.
2019-06-24 14:49:06.875 - WARN  [           main] o.m.s.m.ClassPathMapperScanner : Skipping MapperFactoryBean with name 'customerMapper' and 'com.boot.mapper.CustomerMapper' mapperInterface. Bean already defined with the same name!
2019-06-24 14:49:06.875 - WARN  [           main] o.m.s.m.ClassPathMapperScanner : Skipping MapperFactoryBean with name 'dailysummaryMapper' and 'com.boot.mapper.DailysummaryMapper' mapperInterface. Bean already defined with the same name!
2019-06-24 14:49:06.875 - WARN  [           main] o.m.s.m.ClassPathMapperScanner : Skipping MapperFactoryBean with name 'transdetailsMapper' and 'com.boot.mapper.TransdetailsMapper' mapperInterface. Bean already defined with the same name!
2019-06-24 14:49:06.876 - WARN  [           main] o.m.s.m.ClassPathMapperScanner : No MyBatis mapper was found in '[com.boot.mapper]' package. Please check your configuration.
2019-06-24 14:49:07.156 - INFO  [           main] f.s.DefaultListableBeanFactory : Overriding bean definition for bean 'dataSource' with a different definition: replacing [Root bean: class [null]; scope=; abstract=false; lazyInit=false; autowireMode=3; dependencyCheck=0; autowireCandidate=true; primary=false; factoryBeanName=org.springframework.boot.autoconfigure.jdbc.DataSourceConfiguration$Generic; factoryMethodName=dataSource; initMethodName=null; destroyMethodName=(inferred); defined in class path resource [org/springframework/boot/autoconfigure/jdbc/DataSourceConfiguration$Generic.class]] with [Root bean: class [null]; scope=; abstract=false; lazyInit=false; autowireMode=3; dependencyCheck=0; autowireCandidate=true; primary=false; factoryBeanName=org.springframework.boot.autoconfigure.jdbc.DataSourceConfiguration$Hikari; factoryMethodName=dataSource; initMethodName=null; destroyMethodName=(inferred); defined in class path resource [org/springframework/boot/autoconfigure/jdbc/DataSourceConfiguration$Hikari.class]]
2019-06-24 14:49:07.626 - INFO  [           main] egate$BeanPostProcessorChecker : Bean 'org.springframework.transaction.annotation.ProxyTransactionManagementConfiguration' of type [org.springframework.transaction.annotation.ProxyTransactionManagementConfiguration$$EnhancerBySpringCGLIB$$f26faf26] is not eligible for getting processed by all BeanPostProcessors (for example: not eligible for auto-proxying)
2019-06-24 14:49:08.232 - INFO  [           main] TomcatEmbeddedServletContainer : Tomcat initialized with port(s): 8088 (http)
2019-06-24 14:49:08.244 - INFO  [           main] o.a.j.l.DirectJDKLog           : Starting service [Tomcat]
2019-06-24 14:49:08.245 - INFO  [           main] o.a.j.l.DirectJDKLog           : Starting Servlet Engine: Apache Tomcat/8.5.23
2019-06-24 14:49:08.373 - INFO  [ost-startStop-1] o.a.j.l.DirectJDKLog           : Initializing Spring embedded WebApplicationContext
2019-06-24 14:49:08.374 - INFO  [ost-startStop-1] .EmbeddedWebApplicationContext : Root WebApplicationContext: initialization completed in 2591 ms
2019-06-24 14:49:08.548 - INFO  [ost-startStop-1] .b.w.s.ServletRegistrationBean : Mapping servlet: 'dispatcherServlet' to [/]
2019-06-24 14:49:08.552 - INFO  [ost-startStop-1] AbstractFilterRegistrationBean : Mapping filter: 'characterEncodingFilter' to: [/*]
2019-06-24 14:49:08.553 - INFO  [ost-startStop-1] AbstractFilterRegistrationBean : Mapping filter: 'hiddenHttpMethodFilter' to: [/*]
2019-06-24 14:49:08.553 - INFO  [ost-startStop-1] AbstractFilterRegistrationBean : Mapping filter: 'httpPutFormContentFilter' to: [/*]
2019-06-24 14:49:08.553 - INFO  [ost-startStop-1] AbstractFilterRegistrationBean : Mapping filter: 'requestContextFilter' to: [/*]
2019-06-24 14:49:09.453 - INFO  [           main] rMethodMapping$MappingRegistry : Mapped "{[/customer/getnumber],methods=[GET]}" onto public com.boot.response.ResponseBean com.boot.controller.CustomerController.getNumber()
2019-06-24 14:49:09.455 - INFO  [           main] rMethodMapping$MappingRegistry : Mapped "{[/customer/put],methods=[PUT]}" onto public com.boot.response.ResponseBean com.boot.controller.CustomerController.updateCustomer(com.boot.model.Customer)
2019-06-24 14:49:09.456 - INFO  [           main] rMethodMapping$MappingRegistry : Mapped "{[/customer/post],methods=[POST]}" onto public com.boot.response.ResponseBean com.boot.controller.CustomerController.postCustomer(com.boot.model.Customer)
2019-06-24 14:49:09.456 - INFO  [           main] rMethodMapping$MappingRegistry : Mapped "{[/customer/get/{id}],methods=[GET]}" onto public com.boot.response.ResponseBean<com.boot.model.Customer> com.boot.controller.CustomerController.getCustomerById(java.lang.Integer)
2019-06-24 14:49:09.457 - INFO  [           main] rMethodMapping$MappingRegistry : Mapped "{[/customer/get],methods=[GET]}" onto public com.boot.response.ResponseBean<com.boot.model.Customer> com.boot.controller.CustomerController.getCustomer(java.lang.Integer,java.lang.Integer)
2019-06-24 14:49:09.457 - INFO  [           main] rMethodMapping$MappingRegistry : Mapped "{[/customer/delete/{id}],methods=[DELETE]}" onto public com.boot.response.ResponseBean com.boot.controller.CustomerController.deleteCustomerById(java.lang.Integer)
2019-06-24 14:49:09.458 - INFO  [           main] rMethodMapping$MappingRegistry : Mapped "{[/dailysummary/get],methods=[GET]}" onto public com.boot.response.ResponseBean<com.boot.model.Dailysummary> com.boot.controller.DailySummaryController.getAllDailysummary(java.lang.Integer,java.lang.Integer)
2019-06-24 14:49:09.459 - INFO  [           main] rMethodMapping$MappingRegistry : Mapped "{[/dailysummary/get/{sindex}],methods=[GET]}" onto public com.boot.response.ResponseBean<com.boot.model.Dailysummary> com.boot.controller.DailySummaryController.getDailysummaryBySindex(java.lang.String)
2019-06-24 14:49:09.461 - INFO  [           main] rMethodMapping$MappingRegistry : Mapped "{[/trandeteil/get],methods=[GET]}" onto public com.boot.response.ResponseBean<com.boot.model.TransDetail> com.boot.controller.TransDetailController.getTransDetail(java.lang.Integer,java.lang.Integer)
2019-06-24 14:49:09.461 - INFO  [           main] rMethodMapping$MappingRegistry : Mapped "{[/trandeteil/get/{id}],methods=[GET]}" onto public com.boot.response.ResponseBean<com.boot.model.TransDetail> com.boot.controller.TransDetailController.getTransDetailById(java.lang.Integer)
2019-06-24 14:49:09.462 - INFO  [           main] rMethodMapping$MappingRegistry : Mapped "{[/trandeteil/delete/{id}],methods=[DELETE]}" onto public com.boot.response.ResponseBean com.boot.controller.TransDetailController.deleteTransDetailById(java.lang.Integer)
2019-06-24 14:49:09.463 - INFO  [           main] rMethodMapping$MappingRegistry : Mapped "{[/v2/api-docs],methods=[GET],produces=[application/json || application/hal+json]}" onto public org.springframework.http.ResponseEntity<springfox.documentation.spring.web.json.Json> springfox.documentation.swagger2.web.Swagger2Controller.getDocumentation(java.lang.String,javax.servlet.http.HttpServletRequest)
2019-06-24 14:49:09.466 - INFO  [           main] rMethodMapping$MappingRegistry : Mapped "{[/swagger-resources]}" onto org.springframework.http.ResponseEntity<java.util.List<springfox.documentation.swagger.web.SwaggerResource>> springfox.documentation.swagger.web.ApiResourceController.swaggerResources()
2019-06-24 14:49:09.467 - INFO  [           main] rMethodMapping$MappingRegistry : Mapped "{[/swagger-resources/configuration/ui]}" onto org.springframework.http.ResponseEntity<springfox.documentation.swagger.web.UiConfiguration> springfox.documentation.swagger.web.ApiResourceController.uiConfiguration()
2019-06-24 14:49:09.468 - INFO  [           main] rMethodMapping$MappingRegistry : Mapped "{[/swagger-resources/configuration/security]}" onto org.springframework.http.ResponseEntity<springfox.documentation.swagger.web.SecurityConfiguration> springfox.documentation.swagger.web.ApiResourceController.securityConfiguration()
2019-06-24 14:49:09.471 - INFO  [           main] rMethodMapping$MappingRegistry : Mapped "{[/error]}" onto public org.springframework.http.ResponseEntity<java.util.Map<java.lang.String, java.lang.Object>> org.springframework.boot.autoconfigure.web.BasicErrorController.error(javax.servlet.http.HttpServletRequest)
2019-06-24 14:49:09.472 - INFO  [           main] rMethodMapping$MappingRegistry : Mapped "{[/error],produces=[text/html]}" onto public org.springframework.web.servlet.ModelAndView org.springframework.boot.autoconfigure.web.BasicErrorController.errorHtml(javax.servlet.http.HttpServletRequest,javax.servlet.http.HttpServletResponse)
2019-06-24 14:49:09.553 - INFO  [           main] c.b.c.PageHelperConfiguration  : ------Register MyBatis PageHelper
2019-06-24 14:49:09.767 - INFO  [           main] a.RequestMappingHandlerAdapter : Looking for @ControllerAdvice: org.springframework.boot.context.embedded.AnnotationConfigEmbeddedWebApplicationContext@312aa7c: startup date [Mon Jun 24 14:49:05 CST 2019]; root of context hierarchy
2019-06-24 14:49:09.821 - INFO  [           main] .s.h.AbstractUrlHandlerMapping : Mapped URL path [/webjars/**] onto handler of type [class org.springframework.web.servlet.resource.ResourceHttpRequestHandler]
2019-06-24 14:49:09.821 - INFO  [           main] .s.h.AbstractUrlHandlerMapping : Mapped URL path [/**] onto handler of type [class org.springframework.web.servlet.resource.ResourceHttpRequestHandler]
2019-06-24 14:49:09.836 - INFO  [           main] eptionHandlerExceptionResolver : Detected @ExceptionHandler methods in springExceptionHandle
2019-06-24 14:49:09.854 - INFO  [           main] .s.h.AbstractUrlHandlerMapping : Mapped URL path [/**/favicon.ico] onto handler of type [class org.springframework.web.servlet.resource.ResourceHttpRequestHandler]
2019-06-24 14:49:10.216 - INFO  [           main] o.s.j.e.MBeanExporter          : Registering beans for JMX exposure on startup
2019-06-24 14:49:10.217 - INFO  [           main] o.s.j.e.MBeanExporter          : Bean with name 'dataSource' has been autodetected for JMX exposure
2019-06-24 14:49:10.223 - INFO  [           main] o.s.j.e.MBeanExporter          : Located MBean 'dataSource': registering with JMX server as MBean [com.zaxxer.hikari:name=dataSource,type=HikariDataSource]
2019-06-24 14:49:10.227 - INFO  [           main] ecycleProcessor$LifecycleGroup : Starting beans in phase 2147483647
2019-06-24 14:49:10.227 - INFO  [           main] cumentationPluginsBootstrapper : Context refreshed
2019-06-24 14:49:10.247 - INFO  [           main] cumentationPluginsBootstrapper : Found 1 custom documentation plugin(s)
2019-06-24 14:49:10.259 - INFO  [           main] w.s.ApiListingReferenceScanner : Scanning for api listing references
2019-06-24 14:49:10.488 - INFO  [           main] o.a.j.l.DirectJDKLog           : Initializing ProtocolHandler ["http-nio-8088"]
2019-06-24 14:49:10.497 - INFO  [           main] o.a.j.l.DirectJDKLog           : Starting ProtocolHandler ["http-nio-8088"]
2019-06-24 14:49:10.511 - INFO  [           main] o.a.j.l.DirectJDKLog           : Using a shared selector for servlet write/read
2019-06-24 14:49:10.528 - INFO  [           main] TomcatEmbeddedServletContainer : Tomcat started on port(s): 8088 (http)
2019-06-24 14:49:10.533 - INFO  [           main] o.s.b.StartupInfoLogger        : Started Application in 5.878 seconds (JVM running for 9.49)
2019-06-24 14:53:51.353 - INFO  [nio-8088-exec-1] o.a.j.l.DirectJDKLog           : Initializing Spring FrameworkServlet 'dispatcherServlet'
2019-06-24 14:53:51.353 - INFO  [nio-8088-exec-1] o.s.w.s.FrameworkServlet       : FrameworkServlet 'dispatcherServlet': initialization started
2019-06-24 14:53:51.389 - INFO  [nio-8088-exec-1] o.s.w.s.FrameworkServlet       : FrameworkServlet 'dispatcherServlet': initialization completed in 35 ms
2019-06-24 14:55:01.489 - INFO  [nio-8088-exec-7] c.z.h.HikariDataSource         : DataPoolHikari - is starting.
2019-06-24 20:11:43.000 - INFO  [           main] o.s.b.StartupInfoLogger        : Starting Application on DESKTOP-4LMVUD7 with PID 5536 (started by zhengjiaxin in D:\代码备份\zhangzheng-java-zhengjiaxin)
2019-06-24 20:11:43.007 - INFO  [           main] o.s.b.SpringApplication        : The following profiles are active: test
2019-06-24 20:11:43.075 - INFO  [           main] c.s.AbstractApplicationContext : Refreshing org.springframework.boot.context.embedded.AnnotationConfigEmbeddedWebApplicationContext@5b7a7f33: startup date [Mon Jun 24 20:11:43 CST 2019]; root of context hierarchy
2019-06-24 20:11:43.205 - INFO  [kground-preinit] o.h.v.i.u.Version              : HV000001: Hibernate Validator 5.3.6.Final
2019-06-24 20:11:43.970 - WARN  [           main] o.m.s.m.ClassPathMapperScanner : Skipping MapperFactoryBean with name 'customerMapper' and 'com.boot.mapper.CustomerMapper' mapperInterface. Bean already defined with the same name!
2019-06-24 20:11:43.971 - WARN  [           main] o.m.s.m.ClassPathMapperScanner : Skipping MapperFactoryBean with name 'dailysummaryMapper' and 'com.boot.mapper.DailysummaryMapper' mapperInterface. Bean already defined with the same name!
2019-06-24 20:11:43.971 - WARN  [           main] o.m.s.m.ClassPathMapperScanner : Skipping MapperFactoryBean with name 'transdetailsMapper' and 'com.boot.mapper.TransdetailsMapper' mapperInterface. Bean already defined with the same name!
2019-06-24 20:11:43.971 - WARN  [           main] o.m.s.m.ClassPathMapperScanner : No MyBatis mapper was found in '[com.boot.mapper]' package. Please check your configuration.
2019-06-24 20:11:43.973 - WARN  [           main] o.m.s.m.ClassPathMapperScanner : Skipping MapperFactoryBean with name 'customerMapper' and 'com.boot.mapper.CustomerMapper' mapperInterface. Bean already defined with the same name!
2019-06-24 20:11:43.974 - WARN  [           main] o.m.s.m.ClassPathMapperScanner : Skipping MapperFactoryBean with name 'dailysummaryMapper' and 'com.boot.mapper.DailysummaryMapper' mapperInterface. Bean already defined with the same name!
2019-06-24 20:11:43.974 - WARN  [           main] o.m.s.m.ClassPathMapperScanner : Skipping MapperFactoryBean with name 'transdetailsMapper' and 'com.boot.mapper.TransdetailsMapper' mapperInterface. Bean already defined with the same name!
2019-06-24 20:11:43.974 - WARN  [           main] o.m.s.m.ClassPathMapperScanner : No MyBatis mapper was found in '[com.boot.mapper]' package. Please check your configuration.
2019-06-24 20:11:44.065 - INFO  [           main] f.s.DefaultListableBeanFactory : Overriding bean definition for bean 'dataSource' with a different definition: replacing [Root bean: class [null]; scope=; abstract=false; lazyInit=false; autowireMode=3; dependencyCheck=0; autowireCandidate=true; primary=false; factoryBeanName=org.springframework.boot.autoconfigure.jdbc.DataSourceConfiguration$Generic; factoryMethodName=dataSource; initMethodName=null; destroyMethodName=(inferred); defined in class path resource [org/springframework/boot/autoconfigure/jdbc/DataSourceConfiguration$Generic.class]] with [Root bean: class [null]; scope=; abstract=false; lazyInit=false; autowireMode=3; dependencyCheck=0; autowireCandidate=true; primary=false; factoryBeanName=org.springframework.boot.autoconfigure.jdbc.DataSourceConfiguration$Hikari; factoryMethodName=dataSource; initMethodName=null; destroyMethodName=(inferred); defined in class path resource [org/springframework/boot/autoconfigure/jdbc/DataSourceConfiguration$Hikari.class]]
2019-06-24 20:11:44.400 - INFO  [           main] egate$BeanPostProcessorChecker : Bean 'org.springframework.transaction.annotation.ProxyTransactionManagementConfiguration' of type [org.springframework.transaction.annotation.ProxyTransactionManagementConfiguration$$EnhancerBySpringCGLIB$$321c4db3] is not eligible for getting processed by all BeanPostProcessors (for example: not eligible for auto-proxying)
2019-06-24 20:11:44.800 - INFO  [           main] TomcatEmbeddedServletContainer : Tomcat initialized with port(s): 8088 (http)
2019-06-24 20:11:44.810 - INFO  [           main] o.a.j.l.DirectJDKLog           : Starting service [Tomcat]
2019-06-24 20:11:44.812 - INFO  [           main] o.a.j.l.DirectJDKLog           : Starting Servlet Engine: Apache Tomcat/8.5.23
2019-06-24 20:11:44.910 - INFO  [ost-startStop-1] o.a.j.l.DirectJDKLog           : Initializing Spring embedded WebApplicationContext
2019-06-24 20:11:44.911 - INFO  [ost-startStop-1] .EmbeddedWebApplicationContext : Root WebApplicationContext: initialization completed in 1838 ms
2019-06-24 20:11:45.100 - INFO  [ost-startStop-1] .b.w.s.ServletRegistrationBean : Mapping servlet: 'dispatcherServlet' to [/]
2019-06-24 20:11:45.104 - INFO  [ost-startStop-1] AbstractFilterRegistrationBean : Mapping filter: 'characterEncodingFilter' to: [/*]
2019-06-24 20:11:45.105 - INFO  [ost-startStop-1] AbstractFilterRegistrationBean : Mapping filter: 'hiddenHttpMethodFilter' to: [/*]
2019-06-24 20:11:45.105 - INFO  [ost-startStop-1] AbstractFilterRegistrationBean : Mapping filter: 'httpPutFormContentFilter' to: [/*]
2019-06-24 20:11:45.106 - INFO  [ost-startStop-1] AbstractFilterRegistrationBean : Mapping filter: 'requestContextFilter' to: [/*]
2019-06-24 20:11:45.946 - INFO  [           main] rMethodMapping$MappingRegistry : Mapped "{[/customer/getnumber],methods=[GET]}" onto public com.boot.response.ResponseBean com.boot.controller.CustomerController.getNumber()
2019-06-24 20:11:45.948 - INFO  [           main] rMethodMapping$MappingRegistry : Mapped "{[/customer/delete/{id}],methods=[DELETE]}" onto public com.boot.response.ResponseBean com.boot.controller.CustomerController.deleteCustomerById(java.lang.Integer)
2019-06-24 20:11:45.949 - INFO  [           main] rMethodMapping$MappingRegistry : Mapped "{[/customer/post],methods=[POST]}" onto public com.boot.response.ResponseBean com.boot.controller.CustomerController.postCustomer(com.boot.model.Customer)
2019-06-24 20:11:45.949 - INFO  [           main] rMethodMapping$MappingRegistry : Mapped "{[/customer/put],methods=[PUT]}" onto public com.boot.response.ResponseBean com.boot.controller.CustomerController.updateCustomer(com.boot.model.Customer)
2019-06-24 20:11:45.950 - INFO  [           main] rMethodMapping$MappingRegistry : Mapped "{[/customer/get/{id}],methods=[GET]}" onto public com.boot.response.ResponseBean<com.boot.model.Customer> com.boot.controller.CustomerController.getCustomerById(java.lang.Integer)
2019-06-24 20:11:45.950 - INFO  [           main] rMethodMapping$MappingRegistry : Mapped "{[/customer/get],methods=[GET]}" onto public com.boot.response.ResponseBean<com.boot.model.Customer> com.boot.controller.CustomerController.getCustomer(java.lang.Integer,java.lang.Integer)
2019-06-24 20:11:45.952 - INFO  [           main] rMethodMapping$MappingRegistry : Mapped "{[/dailysummary/get/{sindex}],methods=[GET]}" onto public com.boot.response.ResponseBean<com.boot.model.Dailysummary> com.boot.controller.DailySummaryController.getDailysummaryBySindex(java.lang.String)
2019-06-24 20:11:45.952 - INFO  [           main] rMethodMapping$MappingRegistry : Mapped "{[/dailysummary/get],methods=[GET]}" onto public com.boot.response.ResponseBean<com.boot.model.Dailysummary> com.boot.controller.DailySummaryController.getAllDailysummary(java.lang.Integer,java.lang.Integer)
2019-06-24 20:11:45.954 - INFO  [           main] rMethodMapping$MappingRegistry : Mapped "{[/trandeteil/get/{id}],methods=[GET]}" onto public com.boot.response.ResponseBean<com.boot.model.TransDetail> com.boot.controller.TransDetailController.getTransDetailById(java.lang.Integer)
2019-06-24 20:11:45.955 - INFO  [           main] rMethodMapping$MappingRegistry : Mapped "{[/trandeteil/delete/{id}],methods=[DELETE]}" onto public com.boot.response.ResponseBean com.boot.controller.TransDetailController.deleteTransDetailById(java.lang.Integer)
2019-06-24 20:11:45.956 - INFO  [           main] rMethodMapping$MappingRegistry : Mapped "{[/trandeteil/get],methods=[GET]}" onto public com.boot.response.ResponseBean<com.boot.model.TransDetail> com.boot.controller.TransDetailController.getTransDetail(java.lang.Integer,java.lang.Integer)
2019-06-24 20:11:45.957 - INFO  [           main] rMethodMapping$MappingRegistry : Mapped "{[/v2/api-docs],methods=[GET],produces=[application/json || application/hal+json]}" onto public org.springframework.http.ResponseEntity<springfox.documentation.spring.web.json.Json> springfox.documentation.swagger2.web.Swagger2Controller.getDocumentation(java.lang.String,javax.servlet.http.HttpServletRequest)
2019-06-24 20:11:45.960 - INFO  [           main] rMethodMapping$MappingRegistry : Mapped "{[/swagger-resources/configuration/ui]}" onto org.springframework.http.ResponseEntity<springfox.documentation.swagger.web.UiConfiguration> springfox.documentation.swagger.web.ApiResourceController.uiConfiguration()
2019-06-24 20:11:45.962 - INFO  [           main] rMethodMapping$MappingRegistry : Mapped "{[/swagger-resources]}" onto org.springframework.http.ResponseEntity<java.util.List<springfox.documentation.swagger.web.SwaggerResource>> springfox.documentation.swagger.web.ApiResourceController.swaggerResources()
2019-06-24 20:11:45.963 - INFO  [           main] rMethodMapping$MappingRegistry : Mapped "{[/swagger-resources/configuration/security]}" onto org.springframework.http.ResponseEntity<springfox.documentation.swagger.web.SecurityConfiguration> springfox.documentation.swagger.web.ApiResourceController.securityConfiguration()
2019-06-24 20:11:45.966 - INFO  [           main] rMethodMapping$MappingRegistry : Mapped "{[/error]}" onto public org.springframework.http.ResponseEntity<java.util.Map<java.lang.String, java.lang.Object>> org.springframework.boot.autoconfigure.web.BasicErrorController.error(javax.servlet.http.HttpServletRequest)
2019-06-24 20:11:45.967 - INFO  [           main] rMethodMapping$MappingRegistry : Mapped "{[/error],produces=[text/html]}" onto public org.springframework.web.servlet.ModelAndView org.springframework.boot.autoconfigure.web.BasicErrorController.errorHtml(javax.servlet.http.HttpServletRequest,javax.servlet.http.HttpServletResponse)
2019-06-24 20:11:46.063 - INFO  [           main] c.b.c.PageHelperConfiguration  : ------Register MyBatis PageHelper
2019-06-24 20:11:46.292 - INFO  [           main] a.RequestMappingHandlerAdapter : Looking for @ControllerAdvice: org.springframework.boot.context.embedded.AnnotationConfigEmbeddedWebApplicationContext@5b7a7f33: startup date [Mon Jun 24 20:11:43 CST 2019]; root of context hierarchy
2019-06-24 20:11:46.342 - INFO  [           main] .s.h.AbstractUrlHandlerMapping : Mapped URL path [/webjars/**] onto handler of type [class org.springframework.web.servlet.resource.ResourceHttpRequestHandler]
2019-06-24 20:11:46.343 - INFO  [           main] .s.h.AbstractUrlHandlerMapping : Mapped URL path [/**] onto handler of type [class org.springframework.web.servlet.resource.ResourceHttpRequestHandler]
2019-06-24 20:11:46.359 - INFO  [           main] eptionHandlerExceptionResolver : Detected @ExceptionHandler methods in springExceptionHandle
2019-06-24 20:11:46.378 - INFO  [           main] .s.h.AbstractUrlHandlerMapping : Mapped URL path [/**/favicon.ico] onto handler of type [class org.springframework.web.servlet.resource.ResourceHttpRequestHandler]
2019-06-24 20:11:46.769 - INFO  [           main] o.s.j.e.MBeanExporter          : Registering beans for JMX exposure on startup
2019-06-24 20:11:46.771 - INFO  [           main] o.s.j.e.MBeanExporter          : Bean with name 'dataSource' has been autodetected for JMX exposure
2019-06-24 20:11:46.777 - INFO  [           main] o.s.j.e.MBeanExporter          : Located MBean 'dataSource': registering with JMX server as MBean [com.zaxxer.hikari:name=dataSource,type=HikariDataSource]
2019-06-24 20:11:46.780 - INFO  [           main] ecycleProcessor$LifecycleGroup : Starting beans in phase 2147483647
2019-06-24 20:11:46.781 - INFO  [           main] cumentationPluginsBootstrapper : Context refreshed
2019-06-24 20:11:46.798 - INFO  [           main] cumentationPluginsBootstrapper : Found 1 custom documentation plugin(s)
2019-06-24 20:11:46.814 - INFO  [           main] w.s.ApiListingReferenceScanner : Scanning for api listing references
2019-06-24 20:11:47.185 - INFO  [           main] o.a.j.l.DirectJDKLog           : Initializing ProtocolHandler ["http-nio-8088"]
2019-06-24 20:11:47.199 - INFO  [           main] o.a.j.l.DirectJDKLog           : Starting ProtocolHandler ["http-nio-8088"]
2019-06-24 20:11:47.212 - INFO  [           main] o.a.j.l.DirectJDKLog           : Using a shared selector for servlet write/read
2019-06-24 20:11:47.230 - INFO  [           main] TomcatEmbeddedServletContainer : Tomcat started on port(s): 8088 (http)
2019-06-24 20:11:47.235 - INFO  [           main] o.s.b.StartupInfoLogger        : Started Application in 4.873 seconds (JVM running for 7.429)
2019-06-24 20:12:00.143 - INFO  [nio-8088-exec-1] o.a.j.l.DirectJDKLog           : Initializing Spring FrameworkServlet 'dispatcherServlet'
2019-06-24 20:12:00.144 - INFO  [nio-8088-exec-1] o.s.w.s.FrameworkServlet       : FrameworkServlet 'dispatcherServlet': initialization started
2019-06-24 20:12:00.181 - INFO  [nio-8088-exec-1] o.s.w.s.FrameworkServlet       : FrameworkServlet 'dispatcherServlet': initialization completed in 36 ms
2019-06-24 20:27:59.714 - INFO  [           main] o.s.b.StartupInfoLogger        : Starting Application on DESKTOP-4LMVUD7 with PID 4260 (started by zhengjiaxin in D:\代码备份\zhangzheng-java-zhengjiaxin)
2019-06-24 20:27:59.720 - INFO  [           main] o.s.b.SpringApplication        : The following profiles are active: test
2019-06-24 20:27:59.777 - INFO  [           main] c.s.AbstractApplicationContext : Refreshing org.springframework.boot.context.embedded.AnnotationConfigEmbeddedWebApplicationContext@57bc27f5: startup date [Mon Jun 24 20:27:59 CST 2019]; root of context hierarchy
2019-06-24 20:27:59.926 - INFO  [kground-preinit] o.h.v.i.u.Version              : HV000001: Hibernate Validator 5.3.6.Final
2019-06-24 20:28:00.630 - WARN  [           main] o.m.s.m.ClassPathMapperScanner : Skipping MapperFactoryBean with name 'customerMapper' and 'com.boot.mapper.CustomerMapper' mapperInterface. Bean already defined with the same name!
2019-06-24 20:28:00.630 - WARN  [           main] o.m.s.m.ClassPathMapperScanner : Skipping MapperFactoryBean with name 'dailysummaryMapper' and 'com.boot.mapper.DailysummaryMapper' mapperInterface. Bean already defined with the same name!
2019-06-24 20:28:00.631 - WARN  [           main] o.m.s.m.ClassPathMapperScanner : Skipping MapperFactoryBean with name 'transdetailsMapper' and 'com.boot.mapper.TransdetailsMapper' mapperInterface. Bean already defined with the same name!
2019-06-24 20:28:00.631 - WARN  [           main] o.m.s.m.ClassPathMapperScanner : No MyBatis mapper was found in '[com.boot.mapper]' package. Please check your configuration.
2019-06-24 20:28:00.633 - WARN  [           main] o.m.s.m.ClassPathMapperScanner : Skipping MapperFactoryBean with name 'customerMapper' and 'com.boot.mapper.CustomerMapper' mapperInterface. Bean already defined with the same name!
2019-06-24 20:28:00.633 - WARN  [           main] o.m.s.m.ClassPathMapperScanner : Skipping MapperFactoryBean with name 'dailysummaryMapper' and 'com.boot.mapper.DailysummaryMapper' mapperInterface. Bean already defined with the same name!
2019-06-24 20:28:00.633 - WARN  [           main] o.m.s.m.ClassPathMapperScanner : Skipping MapperFactoryBean with name 'transdetailsMapper' and 'com.boot.mapper.TransdetailsMapper' mapperInterface. Bean already defined with the same name!
2019-06-24 20:28:00.634 - WARN  [           main] o.m.s.m.ClassPathMapperScanner : No MyBatis mapper was found in '[com.boot.mapper]' package. Please check your configuration.
2019-06-24 20:28:00.720 - INFO  [           main] f.s.DefaultListableBeanFactory : Overriding bean definition for bean 'dataSource' with a different definition: replacing [Root bean: class [null]; scope=; abstract=false; lazyInit=false; autowireMode=3; dependencyCheck=0; autowireCandidate=true; primary=false; factoryBeanName=org.springframework.boot.autoconfigure.jdbc.DataSourceConfiguration$Generic; factoryMethodName=dataSource; initMethodName=null; destroyMethodName=(inferred); defined in class path resource [org/springframework/boot/autoconfigure/jdbc/DataSourceConfiguration$Generic.class]] with [Root bean: class [null]; scope=; abstract=false; lazyInit=false; autowireMode=3; dependencyCheck=0; autowireCandidate=true; primary=false; factoryBeanName=org.springframework.boot.autoconfigure.jdbc.DataSourceConfiguration$Hikari; factoryMethodName=dataSource; initMethodName=null; destroyMethodName=(inferred); defined in class path resource [org/springframework/boot/autoconfigure/jdbc/DataSourceConfiguration$Hikari.class]]
2019-06-24 20:28:01.048 - INFO  [           main] egate$BeanPostProcessorChecker : Bean 'org.springframework.transaction.annotation.ProxyTransactionManagementConfiguration' of type [org.springframework.transaction.annotation.ProxyTransactionManagementConfiguration$$EnhancerBySpringCGLIB$$11162bee] is not eligible for getting processed by all BeanPostProcessors (for example: not eligible for auto-proxying)
2019-06-24 20:28:01.395 - INFO  [           main] TomcatEmbeddedServletContainer : Tomcat initialized with port(s): 8088 (http)
2019-06-24 20:28:01.405 - INFO  [           main] o.a.j.l.DirectJDKLog           : Starting service [Tomcat]
2019-06-24 20:28:01.406 - INFO  [           main] o.a.j.l.DirectJDKLog           : Starting Servlet Engine: Apache Tomcat/8.5.23
2019-06-24 20:28:01.503 - INFO  [ost-startStop-1] o.a.j.l.DirectJDKLog           : Initializing Spring embedded WebApplicationContext
2019-06-24 20:28:01.503 - INFO  [ost-startStop-1] .EmbeddedWebApplicationContext : Root WebApplicationContext: initialization completed in 1727 ms
2019-06-24 20:28:01.686 - INFO  [ost-startStop-1] .b.w.s.ServletRegistrationBean : Mapping servlet: 'dispatcherServlet' to [/]
2019-06-24 20:28:01.691 - INFO  [ost-startStop-1] AbstractFilterRegistrationBean : Mapping filter: 'characterEncodingFilter' to: [/*]
2019-06-24 20:28:01.691 - INFO  [ost-startStop-1] AbstractFilterRegistrationBean : Mapping filter: 'hiddenHttpMethodFilter' to: [/*]
2019-06-24 20:28:01.691 - INFO  [ost-startStop-1] AbstractFilterRegistrationBean : Mapping filter: 'httpPutFormContentFilter' to: [/*]
2019-06-24 20:28:01.692 - INFO  [ost-startStop-1] AbstractFilterRegistrationBean : Mapping filter: 'requestContextFilter' to: [/*]
2019-06-24 20:28:02.516 - INFO  [           main] rMethodMapping$MappingRegistry : Mapped "{[/customer/getnumber],methods=[GET]}" onto public com.boot.response.ResponseBean com.boot.controller.CustomerController.getNumber()
2019-06-24 20:28:02.518 - INFO  [           main] rMethodMapping$MappingRegistry : Mapped "{[/customer/delete/{id}],methods=[DELETE]}" onto public com.boot.response.ResponseBean com.boot.controller.CustomerController.deleteCustomerById(java.lang.Integer)
2019-06-24 20:28:02.519 - INFO  [           main] rMethodMapping$MappingRegistry : Mapped "{[/customer/get],methods=[GET]}" onto public com.boot.response.ResponseBean<com.boot.model.Customer> com.boot.controller.CustomerController.getCustomer(java.lang.Integer,java.lang.Integer)
2019-06-24 20:28:02.519 - INFO  [           main] rMethodMapping$MappingRegistry : Mapped "{[/customer/get/{id}],methods=[GET]}" onto public com.boot.response.ResponseBean<com.boot.model.Customer> com.boot.controller.CustomerController.getCustomerById(java.lang.Integer)
2019-06-24 20:28:02.520 - INFO  [           main] rMethodMapping$MappingRegistry : Mapped "{[/customer/put],methods=[PUT]}" onto public com.boot.response.ResponseBean com.boot.controller.CustomerController.updateCustomer(com.boot.model.Customer)
2019-06-24 20:28:02.520 - INFO  [           main] rMethodMapping$MappingRegistry : Mapped "{[/customer/post],methods=[POST]}" onto public com.boot.response.ResponseBean com.boot.controller.CustomerController.postCustomer(com.boot.model.Customer)
2019-06-24 20:28:02.522 - INFO  [           main] rMethodMapping$MappingRegistry : Mapped "{[/dailysummary/get/{sindex}],methods=[GET]}" onto public com.boot.response.ResponseBean<com.boot.model.Dailysummary> com.boot.controller.DailySummaryController.getDailysummaryBySindex(java.lang.String)
2019-06-24 20:28:02.522 - INFO  [           main] rMethodMapping$MappingRegistry : Mapped "{[/dailysummary/get],methods=[GET]}" onto public com.boot.response.ResponseBean<com.boot.model.Dailysummary> com.boot.controller.DailySummaryController.getAllDailysummary(java.lang.Integer,java.lang.Integer)
2019-06-24 20:28:02.523 - INFO  [           main] rMethodMapping$MappingRegistry : Mapped "{[/dailysummary/get/{id}],methods=[GET]}" onto public com.boot.response.ResponseBean<com.boot.model.Dailysummary> com.boot.controller.DailySummaryController.getAllById(java.lang.Integer)
2019-06-24 20:28:02.524 - INFO  [           main] rMethodMapping$MappingRegistry : Mapped "{[/trandeteil/get/{id}],methods=[GET]}" onto public com.boot.response.ResponseBean<com.boot.model.TransDetail> com.boot.controller.TransDetailController.getTransDetailById(java.lang.Integer)
2019-06-24 20:28:02.524 - INFO  [           main] rMethodMapping$MappingRegistry : Mapped "{[/trandeteil/delete/{id}],methods=[DELETE]}" onto public com.boot.response.ResponseBean com.boot.controller.TransDetailController.deleteTransDetailById(java.lang.Integer)
2019-06-24 20:28:02.525 - INFO  [           main] rMethodMapping$MappingRegistry : Mapped "{[/trandeteil/get],methods=[GET]}" onto public com.boot.response.ResponseBean<com.boot.model.TransDetail> com.boot.controller.TransDetailController.getTransDetail(java.lang.Integer,java.lang.Integer)
2019-06-24 20:28:02.526 - INFO  [           main] rMethodMapping$MappingRegistry : Mapped "{[/v2/api-docs],methods=[GET],produces=[application/json || application/hal+json]}" onto public org.springframework.http.ResponseEntity<springfox.documentation.spring.web.json.Json> springfox.documentation.swagger2.web.Swagger2Controller.getDocumentation(java.lang.String,javax.servlet.http.HttpServletRequest)
2019-06-24 20:28:02.530 - INFO  [           main] rMethodMapping$MappingRegistry : Mapped "{[/swagger-resources/configuration/security]}" onto org.springframework.http.ResponseEntity<springfox.documentation.swagger.web.SecurityConfiguration> springfox.documentation.swagger.web.ApiResourceController.securityConfiguration()
2019-06-24 20:28:02.531 - INFO  [           main] rMethodMapping$MappingRegistry : Mapped "{[/swagger-resources/configuration/ui]}" onto org.springframework.http.ResponseEntity<springfox.documentation.swagger.web.UiConfiguration> springfox.documentation.swagger.web.ApiResourceController.uiConfiguration()
2019-06-24 20:28:02.532 - INFO  [           main] rMethodMapping$MappingRegistry : Mapped "{[/swagger-resources]}" onto org.springframework.http.ResponseEntity<java.util.List<springfox.documentation.swagger.web.SwaggerResource>> springfox.documentation.swagger.web.ApiResourceController.swaggerResources()
2019-06-24 20:28:02.535 - INFO  [           main] rMethodMapping$MappingRegistry : Mapped "{[/error]}" onto public org.springframework.http.ResponseEntity<java.util.Map<java.lang.String, java.lang.Object>> org.springframework.boot.autoconfigure.web.BasicErrorController.error(javax.servlet.http.HttpServletRequest)
2019-06-24 20:28:02.536 - INFO  [           main] rMethodMapping$MappingRegistry : Mapped "{[/error],produces=[text/html]}" onto public org.springframework.web.servlet.ModelAndView org.springframework.boot.autoconfigure.web.BasicErrorController.errorHtml(javax.servlet.http.HttpServletRequest,javax.servlet.http.HttpServletResponse)
2019-06-24 20:28:02.616 - INFO  [           main] c.b.c.PageHelperConfiguration  : ------Register MyBatis PageHelper
2019-06-24 20:28:02.829 - INFO  [           main] a.RequestMappingHandlerAdapter : Looking for @ControllerAdvice: org.springframework.boot.context.embedded.AnnotationConfigEmbeddedWebApplicationContext@57bc27f5: startup date [Mon Jun 24 20:27:59 CST 2019]; root of context hierarchy
2019-06-24 20:28:02.883 - INFO  [           main] .s.h.AbstractUrlHandlerMapping : Mapped URL path [/webjars/**] onto handler of type [class org.springframework.web.servlet.resource.ResourceHttpRequestHandler]
2019-06-24 20:28:02.883 - INFO  [           main] .s.h.AbstractUrlHandlerMapping : Mapped URL path [/**] onto handler of type [class org.springframework.web.servlet.resource.ResourceHttpRequestHandler]
2019-06-24 20:28:02.900 - INFO  [           main] eptionHandlerExceptionResolver : Detected @ExceptionHandler methods in springExceptionHandle
2019-06-24 20:28:02.919 - INFO  [           main] .s.h.AbstractUrlHandlerMapping : Mapped URL path [/**/favicon.ico] onto handler of type [class org.springframework.web.servlet.resource.ResourceHttpRequestHandler]
2019-06-24 20:28:03.322 - INFO  [           main] o.s.j.e.MBeanExporter          : Registering beans for JMX exposure on startup
2019-06-24 20:28:03.324 - INFO  [           main] o.s.j.e.MBeanExporter          : Bean with name 'dataSource' has been autodetected for JMX exposure
2019-06-24 20:28:03.330 - INFO  [           main] o.s.j.e.MBeanExporter          : Located MBean 'dataSource': registering with JMX server as MBean [com.zaxxer.hikari:name=dataSource,type=HikariDataSource]
2019-06-24 20:28:03.333 - INFO  [           main] ecycleProcessor$LifecycleGroup : Starting beans in phase 2147483647
2019-06-24 20:28:03.333 - INFO  [           main] cumentationPluginsBootstrapper : Context refreshed
2019-06-24 20:28:03.348 - INFO  [           main] cumentationPluginsBootstrapper : Found 1 custom documentation plugin(s)
2019-06-24 20:28:03.360 - INFO  [           main] w.s.ApiListingReferenceScanner : Scanning for api listing references
2019-06-24 20:28:03.580 - INFO  [           main] o.a.j.l.DirectJDKLog           : Initializing ProtocolHandler ["http-nio-8088"]
2019-06-24 20:28:03.590 - INFO  [           main] o.a.j.l.DirectJDKLog           : Starting ProtocolHandler ["http-nio-8088"]
2019-06-24 20:28:03.605 - INFO  [           main] o.a.j.l.DirectJDKLog           : Using a shared selector for servlet write/read
2019-06-24 20:28:03.622 - INFO  [           main] TomcatEmbeddedServletContainer : Tomcat started on port(s): 8088 (http)
2019-06-24 20:28:03.627 - INFO  [           main] o.s.b.StartupInfoLogger        : Started Application in 4.576 seconds (JVM running for 6.997)
2019-06-24 20:28:07.299 - INFO  [nio-8088-exec-1] o.a.j.l.DirectJDKLog           : Initializing Spring FrameworkServlet 'dispatcherServlet'
2019-06-24 20:28:07.300 - INFO  [nio-8088-exec-1] o.s.w.s.FrameworkServlet       : FrameworkServlet 'dispatcherServlet': initialization started
2019-06-24 20:28:07.329 - INFO  [nio-8088-exec-1] o.s.w.s.FrameworkServlet       : FrameworkServlet 'dispatcherServlet': initialization completed in 29 ms
2019-06-24 20:29:55.022 - INFO  [           main] o.s.b.StartupInfoLogger        : Starting Application on DESKTOP-4LMVUD7 with PID 21044 (started by zhengjiaxin in D:\代码备份\zhangzheng-java-zhengjiaxin)
2019-06-24 20:29:55.041 - INFO  [           main] o.s.b.SpringApplication        : The following profiles are active: test
2019-06-24 20:29:55.194 - INFO  [           main] c.s.AbstractApplicationContext : Refreshing org.springframework.boot.context.embedded.AnnotationConfigEmbeddedWebApplicationContext@5b7a7f33: startup date [Mon Jun 24 20:29:55 CST 2019]; root of context hierarchy
2019-06-24 20:29:55.218 - INFO  [kground-preinit] o.h.v.i.u.Version              : HV000001: Hibernate Validator 5.3.6.Final
2019-06-24 20:29:56.058 - WARN  [           main] o.m.s.m.ClassPathMapperScanner : Skipping MapperFactoryBean with name 'customerMapper' and 'com.boot.mapper.CustomerMapper' mapperInterface. Bean already defined with the same name!
2019-06-24 20:29:56.058 - WARN  [           main] o.m.s.m.ClassPathMapperScanner : Skipping MapperFactoryBean with name 'dailysummaryMapper' and 'com.boot.mapper.DailysummaryMapper' mapperInterface. Bean already defined with the same name!
2019-06-24 20:29:56.058 - WARN  [           main] o.m.s.m.ClassPathMapperScanner : Skipping MapperFactoryBean with name 'transdetailsMapper' and 'com.boot.mapper.TransdetailsMapper' mapperInterface. Bean already defined with the same name!
2019-06-24 20:29:56.058 - WARN  [           main] o.m.s.m.ClassPathMapperScanner : No MyBatis mapper was found in '[com.boot.mapper]' package. Please check your configuration.
2019-06-24 20:29:56.060 - WARN  [           main] o.m.s.m.ClassPathMapperScanner : Skipping MapperFactoryBean with name 'customerMapper' and 'com.boot.mapper.CustomerMapper' mapperInterface. Bean already defined with the same name!
2019-06-24 20:29:56.060 - WARN  [           main] o.m.s.m.ClassPathMapperScanner : Skipping MapperFactoryBean with name 'dailysummaryMapper' and 'com.boot.mapper.DailysummaryMapper' mapperInterface. Bean already defined with the same name!
2019-06-24 20:29:56.061 - WARN  [           main] o.m.s.m.ClassPathMapperScanner : Skipping MapperFactoryBean with name 'transdetailsMapper' and 'com.boot.mapper.TransdetailsMapper' mapperInterface. Bean already defined with the same name!
2019-06-24 20:29:56.061 - WARN  [           main] o.m.s.m.ClassPathMapperScanner : No MyBatis mapper was found in '[com.boot.mapper]' package. Please check your configuration.
2019-06-24 20:29:56.151 - INFO  [           main] f.s.DefaultListableBeanFactory : Overriding bean definition for bean 'dataSource' with a different definition: replacing [Root bean: class [null]; scope=; abstract=false; lazyInit=false; autowireMode=3; dependencyCheck=0; autowireCandidate=true; primary=false; factoryBeanName=org.springframework.boot.autoconfigure.jdbc.DataSourceConfiguration$Generic; factoryMethodName=dataSource; initMethodName=null; destroyMethodName=(inferred); defined in class path resource [org/springframework/boot/autoconfigure/jdbc/DataSourceConfiguration$Generic.class]] with [Root bean: class [null]; scope=; abstract=false; lazyInit=false; autowireMode=3; dependencyCheck=0; autowireCandidate=true; primary=false; factoryBeanName=org.springframework.boot.autoconfigure.jdbc.DataSourceConfiguration$Hikari; factoryMethodName=dataSource; initMethodName=null; destroyMethodName=(inferred); defined in class path resource [org/springframework/boot/autoconfigure/jdbc/DataSourceConfiguration$Hikari.class]]
2019-06-24 20:29:56.487 - INFO  [           main] egate$BeanPostProcessorChecker : Bean 'org.springframework.transaction.annotation.ProxyTransactionManagementConfiguration' of type [org.springframework.transaction.annotation.ProxyTransactionManagementConfiguration$$EnhancerBySpringCGLIB$$321c4db3] is not eligible for getting processed by all BeanPostProcessors (for example: not eligible for auto-proxying)
2019-06-24 20:29:56.836 - INFO  [           main] TomcatEmbeddedServletContainer : Tomcat initialized with port(s): 8088 (http)
2019-06-24 20:29:56.846 - INFO  [           main] o.a.j.l.DirectJDKLog           : Starting service [Tomcat]
2019-06-24 20:29:56.848 - INFO  [           main] o.a.j.l.DirectJDKLog           : Starting Servlet Engine: Apache Tomcat/8.5.23
2019-06-24 20:29:56.941 - INFO  [ost-startStop-1] o.a.j.l.DirectJDKLog           : Initializing Spring embedded WebApplicationContext
2019-06-24 20:29:56.942 - INFO  [ost-startStop-1] .EmbeddedWebApplicationContext : Root WebApplicationContext: initialization completed in 1748 ms
2019-06-24 20:29:57.123 - INFO  [ost-startStop-1] .b.w.s.ServletRegistrationBean : Mapping servlet: 'dispatcherServlet' to [/]
2019-06-24 20:29:57.129 - INFO  [ost-startStop-1] AbstractFilterRegistrationBean : Mapping filter: 'characterEncodingFilter' to: [/*]
2019-06-24 20:29:57.130 - INFO  [ost-startStop-1] AbstractFilterRegistrationBean : Mapping filter: 'hiddenHttpMethodFilter' to: [/*]
2019-06-24 20:29:57.130 - INFO  [ost-startStop-1] AbstractFilterRegistrationBean : Mapping filter: 'httpPutFormContentFilter' to: [/*]
2019-06-24 20:29:57.130 - INFO  [ost-startStop-1] AbstractFilterRegistrationBean : Mapping filter: 'requestContextFilter' to: [/*]
2019-06-24 20:29:57.965 - INFO  [           main] rMethodMapping$MappingRegistry : Mapped "{[/customer/getnumber],methods=[GET]}" onto public com.boot.response.ResponseBean com.boot.controller.CustomerController.getNumber()
2019-06-24 20:29:57.967 - INFO  [           main] rMethodMapping$MappingRegistry : Mapped "{[/customer/delete/{id}],methods=[DELETE]}" onto public com.boot.response.ResponseBean com.boot.controller.CustomerController.deleteCustomerById(java.lang.Integer)
2019-06-24 20:29:57.968 - INFO  [           main] rMethodMapping$MappingRegistry : Mapped "{[/customer/get],methods=[GET]}" onto public com.boot.response.ResponseBean<com.boot.model.Customer> com.boot.controller.CustomerController.getCustomer(java.lang.Integer,java.lang.Integer)
2019-06-24 20:29:57.968 - INFO  [           main] rMethodMapping$MappingRegistry : Mapped "{[/customer/put],methods=[PUT]}" onto public com.boot.response.ResponseBean com.boot.controller.CustomerController.updateCustomer(com.boot.model.Customer)
2019-06-24 20:29:57.969 - INFO  [           main] rMethodMapping$MappingRegistry : Mapped "{[/customer/get/{id}],methods=[GET]}" onto public com.boot.response.ResponseBean<com.boot.model.Customer> com.boot.controller.CustomerController.getCustomerById(java.lang.Integer)
2019-06-24 20:29:57.969 - INFO  [           main] rMethodMapping$MappingRegistry : Mapped "{[/customer/post],methods=[POST]}" onto public com.boot.response.ResponseBean com.boot.controller.CustomerController.postCustomer(com.boot.model.Customer)
2019-06-24 20:29:57.970 - INFO  [           main] rMethodMapping$MappingRegistry : Mapped "{[/dailysummary/get],methods=[GET]}" onto public com.boot.response.ResponseBean<com.boot.model.Dailysummary> com.boot.controller.DailySummaryController.getAllDailysummary(java.lang.Integer,java.lang.Integer)
2019-06-24 20:29:57.971 - INFO  [           main] rMethodMapping$MappingRegistry : Mapped "{[/dailysummary/get/{id}],methods=[GET]}" onto public com.boot.response.ResponseBean<com.boot.model.Dailysummary> com.boot.controller.DailySummaryController.getAllById(java.lang.Integer)
2019-06-24 20:29:57.972 - INFO  [           main] rMethodMapping$MappingRegistry : Mapped "{[/trandeteil/delete/{id}],methods=[DELETE]}" onto public com.boot.response.ResponseBean com.boot.controller.TransDetailController.deleteTransDetailById(java.lang.Integer)
2019-06-24 20:29:57.973 - INFO  [           main] rMethodMapping$MappingRegistry : Mapped "{[/trandeteil/get/{id}],methods=[GET]}" onto public com.boot.response.ResponseBean<com.boot.model.TransDetail> com.boot.controller.TransDetailController.getTransDetailById(java.lang.Integer)
2019-06-24 20:29:57.973 - INFO  [           main] rMethodMapping$MappingRegistry : Mapped "{[/trandeteil/get],methods=[GET]}" onto public com.boot.response.ResponseBean<com.boot.model.TransDetail> com.boot.controller.TransDetailController.getTransDetail(java.lang.Integer,java.lang.Integer)
2019-06-24 20:29:57.974 - INFO  [           main] rMethodMapping$MappingRegistry : Mapped "{[/v2/api-docs],methods=[GET],produces=[application/json || application/hal+json]}" onto public org.springframework.http.ResponseEntity<springfox.documentation.spring.web.json.Json> springfox.documentation.swagger2.web.Swagger2Controller.getDocumentation(java.lang.String,javax.servlet.http.HttpServletRequest)
2019-06-24 20:29:57.978 - INFO  [           main] rMethodMapping$MappingRegistry : Mapped "{[/swagger-resources]}" onto org.springframework.http.ResponseEntity<java.util.List<springfox.documentation.swagger.web.SwaggerResource>> springfox.documentation.swagger.web.ApiResourceController.swaggerResources()
2019-06-24 20:29:57.979 - INFO  [           main] rMethodMapping$MappingRegistry : Mapped "{[/swagger-resources/configuration/ui]}" onto org.springframework.http.ResponseEntity<springfox.documentation.swagger.web.UiConfiguration> springfox.documentation.swagger.web.ApiResourceController.uiConfiguration()
2019-06-24 20:29:57.980 - INFO  [           main] rMethodMapping$MappingRegistry : Mapped "{[/swagger-resources/configuration/security]}" onto org.springframework.http.ResponseEntity<springfox.documentation.swagger.web.SecurityConfiguration> springfox.documentation.swagger.web.ApiResourceController.securityConfiguration()
2019-06-24 20:29:57.983 - INFO  [           main] rMethodMapping$MappingRegistry : Mapped "{[/error]}" onto public org.springframework.http.ResponseEntity<java.util.Map<java.lang.String, java.lang.Object>> org.springframework.boot.autoconfigure.web.BasicErrorController.error(javax.servlet.http.HttpServletRequest)
2019-06-24 20:29:57.984 - INFO  [           main] rMethodMapping$MappingRegistry : Mapped "{[/error],produces=[text/html]}" onto public org.springframework.web.servlet.ModelAndView org.springframework.boot.autoconfigure.web.BasicErrorController.errorHtml(javax.servlet.http.HttpServletRequest,javax.servlet.http.HttpServletResponse)
2019-06-24 20:29:58.063 - INFO  [           main] c.b.c.PageHelperConfiguration  : ------Register MyBatis PageHelper
2019-06-24 20:29:58.280 - INFO  [           main] a.RequestMappingHandlerAdapter : Looking for @ControllerAdvice: org.springframework.boot.context.embedded.AnnotationConfigEmbeddedWebApplicationContext@5b7a7f33: startup date [Mon Jun 24 20:29:55 CST 2019]; root of context hierarchy
2019-06-24 20:29:58.340 - INFO  [           main] .s.h.AbstractUrlHandlerMapping : Mapped URL path [/webjars/**] onto handler of type [class org.springframework.web.servlet.resource.ResourceHttpRequestHandler]
2019-06-24 20:29:58.340 - INFO  [           main] .s.h.AbstractUrlHandlerMapping : Mapped URL path [/**] onto handler of type [class org.springframework.web.servlet.resource.ResourceHttpRequestHandler]
2019-06-24 20:29:58.359 - INFO  [           main] eptionHandlerExceptionResolver : Detected @ExceptionHandler methods in springExceptionHandle
2019-06-24 20:29:58.395 - INFO  [           main] .s.h.AbstractUrlHandlerMapping : Mapped URL path [/**/favicon.ico] onto handler of type [class org.springframework.web.servlet.resource.ResourceHttpRequestHandler]
2019-06-24 20:29:58.832 - INFO  [           main] o.s.j.e.MBeanExporter          : Registering beans for JMX exposure on startup
2019-06-24 20:29:58.834 - INFO  [           main] o.s.j.e.MBeanExporter          : Bean with name 'dataSource' has been autodetected for JMX exposure
2019-06-24 20:29:58.840 - INFO  [           main] o.s.j.e.MBeanExporter          : Located MBean 'dataSource': registering with JMX server as MBean [com.zaxxer.hikari:name=dataSource,type=HikariDataSource]
2019-06-24 20:29:58.843 - INFO  [           main] ecycleProcessor$LifecycleGroup : Starting beans in phase 2147483647
2019-06-24 20:29:58.844 - INFO  [           main] cumentationPluginsBootstrapper : Context refreshed
2019-06-24 20:29:58.859 - INFO  [           main] cumentationPluginsBootstrapper : Found 1 custom documentation plugin(s)
2019-06-24 20:29:58.870 - INFO  [           main] w.s.ApiListingReferenceScanner : Scanning for api listing references
2019-06-24 20:29:59.089 - INFO  [           main] o.a.j.l.DirectJDKLog           : Initializing ProtocolHandler ["http-nio-8088"]
2019-06-24 20:29:59.100 - INFO  [           main] o.a.j.l.DirectJDKLog           : Starting ProtocolHandler ["http-nio-8088"]
2019-06-24 20:29:59.113 - INFO  [           main] o.a.j.l.DirectJDKLog           : Using a shared selector for servlet write/read
2019-06-24 20:29:59.134 - INFO  [           main] TomcatEmbeddedServletContainer : Tomcat started on port(s): 8088 (http)
2019-06-24 20:29:59.139 - INFO  [           main] o.s.b.StartupInfoLogger        : Started Application in 4.785 seconds (JVM running for 7.302)
2019-06-24 20:30:02.629 - INFO  [nio-8088-exec-1] o.a.j.l.DirectJDKLog           : Initializing Spring FrameworkServlet 'dispatcherServlet'
2019-06-24 20:30:02.630 - INFO  [nio-8088-exec-1] o.s.w.s.FrameworkServlet       : FrameworkServlet 'dispatcherServlet': initialization started
2019-06-24 20:30:02.657 - INFO  [nio-8088-exec-1] o.s.w.s.FrameworkServlet       : FrameworkServlet 'dispatcherServlet': initialization completed in 27 ms
2019-06-24 20:30:09.388 - INFO  [nio-8088-exec-7] c.z.h.HikariDataSource         : DataPoolHikari - is starting.
2019-06-24 20:30:09.629 - INFO  [nio-8088-exec-7] .b.f.x.XmlBeanDefinitionReader : Loading XML bean definitions from class path resource [org/springframework/jdbc/support/sql-error-codes.xml]
2019-06-24 20:30:09.672 - INFO  [nio-8088-exec-7] o.s.j.s.SQLErrorCodesFactory   : SQLErrorCodes loaded: [DB2, Derby, H2, HSQL, Informix, MS-SQL, MySQL, Oracle, PostgreSQL, Sybase, Hana]
2019-06-24 20:30:49.861 - INFO  [           main] o.s.b.StartupInfoLogger        : Starting Application on DESKTOP-4LMVUD7 with PID 10668 (started by zhengjiaxin in D:\代码备份\zhangzheng-java-zhengjiaxin)
2019-06-24 20:30:49.867 - INFO  [           main] o.s.b.SpringApplication        : The following profiles are active: test
2019-06-24 20:30:49.933 - INFO  [           main] c.s.AbstractApplicationContext : Refreshing org.springframework.boot.context.embedded.AnnotationConfigEmbeddedWebApplicationContext@5b7a7f33: startup date [Mon Jun 24 20:30:49 CST 2019]; root of context hierarchy
2019-06-24 20:30:50.122 - INFO  [kground-preinit] o.h.v.i.u.Version              : HV000001: Hibernate Validator 5.3.6.Final
2019-06-24 20:30:50.790 - WARN  [           main] o.m.s.m.ClassPathMapperScanner : Skipping MapperFactoryBean with name 'customerMapper' and 'com.boot.mapper.CustomerMapper' mapperInterface. Bean already defined with the same name!
2019-06-24 20:30:50.790 - WARN  [           main] o.m.s.m.ClassPathMapperScanner : Skipping MapperFactoryBean with name 'dailysummaryMapper' and 'com.boot.mapper.DailysummaryMapper' mapperInterface. Bean already defined with the same name!
2019-06-24 20:30:50.791 - WARN  [           main] o.m.s.m.ClassPathMapperScanner : Skipping MapperFactoryBean with name 'transdetailsMapper' and 'com.boot.mapper.TransdetailsMapper' mapperInterface. Bean already defined with the same name!
2019-06-24 20:30:50.791 - WARN  [           main] o.m.s.m.ClassPathMapperScanner : No MyBatis mapper was found in '[com.boot.mapper]' package. Please check your configuration.
2019-06-24 20:30:50.793 - WARN  [           main] o.m.s.m.ClassPathMapperScanner : Skipping MapperFactoryBean with name 'customerMapper' and 'com.boot.mapper.CustomerMapper' mapperInterface. Bean already defined with the same name!
2019-06-24 20:30:50.793 - WARN  [           main] o.m.s.m.ClassPathMapperScanner : Skipping MapperFactoryBean with name 'dailysummaryMapper' and 'com.boot.mapper.DailysummaryMapper' mapperInterface. Bean already defined with the same name!
2019-06-24 20:30:50.793 - WARN  [           main] o.m.s.m.ClassPathMapperScanner : Skipping MapperFactoryBean with name 'transdetailsMapper' and 'com.boot.mapper.TransdetailsMapper' mapperInterface. Bean already defined with the same name!
2019-06-24 20:30:50.794 - WARN  [           main] o.m.s.m.ClassPathMapperScanner : No MyBatis mapper was found in '[com.boot.mapper]' package. Please check your configuration.
2019-06-24 20:30:50.880 - INFO  [           main] f.s.DefaultListableBeanFactory : Overriding bean definition for bean 'dataSource' with a different definition: replacing [Root bean: class [null]; scope=; abstract=false; lazyInit=false; autowireMode=3; dependencyCheck=0; autowireCandidate=true; primary=false; factoryBeanName=org.springframework.boot.autoconfigure.jdbc.DataSourceConfiguration$Generic; factoryMethodName=dataSource; initMethodName=null; destroyMethodName=(inferred); defined in class path resource [org/springframework/boot/autoconfigure/jdbc/DataSourceConfiguration$Generic.class]] with [Root bean: class [null]; scope=; abstract=false; lazyInit=false; autowireMode=3; dependencyCheck=0; autowireCandidate=true; primary=false; factoryBeanName=org.springframework.boot.autoconfigure.jdbc.DataSourceConfiguration$Hikari; factoryMethodName=dataSource; initMethodName=null; destroyMethodName=(inferred); defined in class path resource [org/springframework/boot/autoconfigure/jdbc/DataSourceConfiguration$Hikari.class]]
2019-06-24 20:30:51.270 - INFO  [           main] egate$BeanPostProcessorChecker : Bean 'org.springframework.transaction.annotation.ProxyTransactionManagementConfiguration' of type [org.springframework.transaction.annotation.ProxyTransactionManagementConfiguration$$EnhancerBySpringCGLIB$$7e47ffa0] is not eligible for getting processed by all BeanPostProcessors (for example: not eligible for auto-proxying)
2019-06-24 20:30:51.738 - INFO  [           main] TomcatEmbeddedServletContainer : Tomcat initialized with port(s): 8088 (http)
2019-06-24 20:30:51.748 - INFO  [           main] o.a.j.l.DirectJDKLog           : Starting service [Tomcat]
2019-06-24 20:30:51.749 - INFO  [           main] o.a.j.l.DirectJDKLog           : Starting Servlet Engine: Apache Tomcat/8.5.23
2019-06-24 20:30:51.843 - INFO  [ost-startStop-1] o.a.j.l.DirectJDKLog           : Initializing Spring embedded WebApplicationContext
2019-06-24 20:30:51.843 - INFO  [ost-startStop-1] .EmbeddedWebApplicationContext : Root WebApplicationContext: initialization completed in 1910 ms
2019-06-24 20:30:52.019 - INFO  [ost-startStop-1] .b.w.s.ServletRegistrationBean : Mapping servlet: 'dispatcherServlet' to [/]
2019-06-24 20:30:52.024 - INFO  [ost-startStop-1] AbstractFilterRegistrationBean : Mapping filter: 'characterEncodingFilter' to: [/*]
2019-06-24 20:30:52.025 - INFO  [ost-startStop-1] AbstractFilterRegistrationBean : Mapping filter: 'hiddenHttpMethodFilter' to: [/*]
2019-06-24 20:30:52.025 - INFO  [ost-startStop-1] AbstractFilterRegistrationBean : Mapping filter: 'httpPutFormContentFilter' to: [/*]
2019-06-24 20:30:52.025 - INFO  [ost-startStop-1] AbstractFilterRegistrationBean : Mapping filter: 'requestContextFilter' to: [/*]
2019-06-24 20:30:52.854 - INFO  [           main] rMethodMapping$MappingRegistry : Mapped "{[/customer/getnumber],methods=[GET]}" onto public com.boot.response.ResponseBean com.boot.controller.CustomerController.getNumber()
2019-06-24 20:30:52.857 - INFO  [           main] rMethodMapping$MappingRegistry : Mapped "{[/customer/get],methods=[GET]}" onto public com.boot.response.ResponseBean<com.boot.model.Customer> com.boot.controller.CustomerController.getCustomer(java.lang.Integer,java.lang.Integer)
2019-06-24 20:30:52.858 - INFO  [           main] rMethodMapping$MappingRegistry : Mapped "{[/customer/get/{id}],methods=[GET]}" onto public com.boot.response.ResponseBean<com.boot.model.Customer> com.boot.controller.CustomerController.getCustomerById(java.lang.Integer)
2019-06-24 20:30:52.858 - INFO  [           main] rMethodMapping$MappingRegistry : Mapped "{[/customer/post],methods=[POST]}" onto public com.boot.response.ResponseBean com.boot.controller.CustomerController.postCustomer(com.boot.model.Customer)
2019-06-24 20:30:52.858 - INFO  [           main] rMethodMapping$MappingRegistry : Mapped "{[/customer/put],methods=[PUT]}" onto public com.boot.response.ResponseBean com.boot.controller.CustomerController.updateCustomer(com.boot.model.Customer)
2019-06-24 20:30:52.859 - INFO  [           main] rMethodMapping$MappingRegistry : Mapped "{[/customer/delete/{id}],methods=[DELETE]}" onto public com.boot.response.ResponseBean com.boot.controller.CustomerController.deleteCustomerById(java.lang.Integer)
2019-06-24 20:30:52.860 - INFO  [           main] rMethodMapping$MappingRegistry : Mapped "{[/dailysummary/get/{id}],methods=[GET]}" onto public com.boot.response.ResponseBean<com.boot.model.Dailysummary> com.boot.controller.DailySummaryController.getAllById(java.lang.Integer)
2019-06-24 20:30:52.861 - INFO  [           main] rMethodMapping$MappingRegistry : Mapped "{[/dailysummary/get],methods=[GET]}" onto public com.boot.response.ResponseBean<com.boot.model.Dailysummary> com.boot.controller.DailySummaryController.getAllDailysummary(java.lang.Integer,java.lang.Integer)
2019-06-24 20:30:52.862 - INFO  [           main] rMethodMapping$MappingRegistry : Mapped "{[/trandeteil/get],methods=[GET]}" onto public com.boot.response.ResponseBean<com.boot.model.TransDetail> com.boot.controller.TransDetailController.getTransDetail(java.lang.Integer,java.lang.Integer)
2019-06-24 20:30:52.863 - INFO  [           main] rMethodMapping$MappingRegistry : Mapped "{[/trandeteil/delete/{id}],methods=[DELETE]}" onto public com.boot.response.ResponseBean com.boot.controller.TransDetailController.deleteTransDetailById(java.lang.Integer)
2019-06-24 20:30:52.863 - INFO  [           main] rMethodMapping$MappingRegistry : Mapped "{[/trandeteil/get/{id}],methods=[GET]}" onto public com.boot.response.ResponseBean<com.boot.model.TransDetail> com.boot.controller.TransDetailController.getTransDetailById(java.lang.Integer)
2019-06-24 20:30:52.864 - INFO  [           main] rMethodMapping$MappingRegistry : Mapped "{[/v2/api-docs],methods=[GET],produces=[application/json || application/hal+json]}" onto public org.springframework.http.ResponseEntity<springfox.documentation.spring.web.json.Json> springfox.documentation.swagger2.web.Swagger2Controller.getDocumentation(java.lang.String,javax.servlet.http.HttpServletRequest)
2019-06-24 20:30:52.868 - INFO  [           main] rMethodMapping$MappingRegistry : Mapped "{[/swagger-resources/configuration/ui]}" onto org.springframework.http.ResponseEntity<springfox.documentation.swagger.web.UiConfiguration> springfox.documentation.swagger.web.ApiResourceController.uiConfiguration()
2019-06-24 20:30:52.869 - INFO  [           main] rMethodMapping$MappingRegistry : Mapped "{[/swagger-resources]}" onto org.springframework.http.ResponseEntity<java.util.List<springfox.documentation.swagger.web.SwaggerResource>> springfox.documentation.swagger.web.ApiResourceController.swaggerResources()
2019-06-24 20:30:52.870 - INFO  [           main] rMethodMapping$MappingRegistry : Mapped "{[/swagger-resources/configuration/security]}" onto org.springframework.http.ResponseEntity<springfox.documentation.swagger.web.SecurityConfiguration> springfox.documentation.swagger.web.ApiResourceController.securityConfiguration()
2019-06-24 20:30:52.873 - INFO  [           main] rMethodMapping$MappingRegistry : Mapped "{[/error]}" onto public org.springframework.http.ResponseEntity<java.util.Map<java.lang.String, java.lang.Object>> org.springframework.boot.autoconfigure.web.BasicErrorController.error(javax.servlet.http.HttpServletRequest)
2019-06-24 20:30:52.873 - INFO  [           main] rMethodMapping$MappingRegistry : Mapped "{[/error],produces=[text/html]}" onto public org.springframework.web.servlet.ModelAndView org.springframework.boot.autoconfigure.web.BasicErrorController.errorHtml(javax.servlet.http.HttpServletRequest,javax.servlet.http.HttpServletResponse)
2019-06-24 20:30:52.952 - INFO  [           main] c.b.c.PageHelperConfiguration  : ------Register MyBatis PageHelper
2019-06-24 20:30:53.167 - INFO  [           main] a.RequestMappingHandlerAdapter : Looking for @ControllerAdvice: org.springframework.boot.context.embedded.AnnotationConfigEmbeddedWebApplicationContext@5b7a7f33: startup date [Mon Jun 24 20:30:49 CST 2019]; root of context hierarchy
2019-06-24 20:30:53.219 - INFO  [           main] .s.h.AbstractUrlHandlerMapping : Mapped URL path [/webjars/**] onto handler of type [class org.springframework.web.servlet.resource.ResourceHttpRequestHandler]
2019-06-24 20:30:53.220 - INFO  [           main] .s.h.AbstractUrlHandlerMapping : Mapped URL path [/**] onto handler of type [class org.springframework.web.servlet.resource.ResourceHttpRequestHandler]
2019-06-24 20:30:53.237 - INFO  [           main] eptionHandlerExceptionResolver : Detected @ExceptionHandler methods in springExceptionHandle
2019-06-24 20:30:53.258 - INFO  [           main] .s.h.AbstractUrlHandlerMapping : Mapped URL path [/**/favicon.ico] onto handler of type [class org.springframework.web.servlet.resource.ResourceHttpRequestHandler]
2019-06-24 20:30:53.661 - INFO  [           main] o.s.j.e.MBeanExporter          : Registering beans for JMX exposure on startup
2019-06-24 20:30:53.663 - INFO  [           main] o.s.j.e.MBeanExporter          : Bean with name 'dataSource' has been autodetected for JMX exposure
2019-06-24 20:30:53.668 - INFO  [           main] o.s.j.e.MBeanExporter          : Located MBean 'dataSource': registering with JMX server as MBean [com.zaxxer.hikari:name=dataSource,type=HikariDataSource]
2019-06-24 20:30:53.672 - INFO  [           main] ecycleProcessor$LifecycleGroup : Starting beans in phase 2147483647
2019-06-24 20:30:53.673 - INFO  [           main] cumentationPluginsBootstrapper : Context refreshed
2019-06-24 20:30:53.691 - INFO  [           main] cumentationPluginsBootstrapper : Found 1 custom documentation plugin(s)
2019-06-24 20:30:53.702 - INFO  [           main] w.s.ApiListingReferenceScanner : Scanning for api listing references
2019-06-24 20:30:53.923 - INFO  [           main] o.a.j.l.DirectJDKLog           : Initializing ProtocolHandler ["http-nio-8088"]
2019-06-24 20:30:53.933 - INFO  [           main] o.a.j.l.DirectJDKLog           : Starting ProtocolHandler ["http-nio-8088"]
2019-06-24 20:30:53.946 - INFO  [           main] o.a.j.l.DirectJDKLog           : Using a shared selector for servlet write/read
2019-06-24 20:30:53.964 - INFO  [           main] TomcatEmbeddedServletContainer : Tomcat started on port(s): 8088 (http)
2019-06-24 20:30:53.969 - INFO  [           main] o.s.b.StartupInfoLogger        : Started Application in 4.81 seconds (JVM running for 7.268)
2019-06-24 20:30:57.387 - INFO  [nio-8088-exec-1] o.a.j.l.DirectJDKLog           : Initializing Spring FrameworkServlet 'dispatcherServlet'
2019-06-24 20:30:57.387 - INFO  [nio-8088-exec-1] o.s.w.s.FrameworkServlet       : FrameworkServlet 'dispatcherServlet': initialization started
2019-06-24 20:30:57.416 - INFO  [nio-8088-exec-1] o.s.w.s.FrameworkServlet       : FrameworkServlet 'dispatcherServlet': initialization completed in 29 ms
2019-06-24 20:31:02.417 - INFO  [nio-8088-exec-7] c.z.h.HikariDataSource         : DataPoolHikari - is starting.
